<?xml version="1.0" encoding="UTF-8"?>
<!-- Generated by org.testng.reporters.JUnitReportReporter -->
<testsuite hostname="OBI-PC" failures="0" tests="1" name="TestRunner" time="3.349" errors="0" timestamp="2022-11-01T02:15:48 EDT" skipped="0">
  <testcase classname="TestRunner" name="runScenario" time="3.349"/>
  <system-out/>
</testsuite> <!-- TestRunner -->
