<?xml version="1.0" encoding="UTF-8"?>
<!-- Generated by org.testng.reporters.JUnitReportReporter -->
<testsuite hostname="OBI-PC" failures="0" tests="1" name="TestRunner" time="5.366" errors="0" timestamp="2022-11-09T00:47:38 EST" skipped="0">
  <testcase classname="TestRunner" name="runScenario" time="5.366"/>
  <system-out/>
</testsuite> <!-- TestRunner -->
